Start testing: Dec 19 20:30 CET
----------------------------------------------------------
1/1 Testing: TestGSMLibrary
1/1 Test: TestGSMLibrary
Command: "/home/anau/Development/generic-state-machine/build/tests/test_gsm"
Directory: /home/anau/Development/generic-state-machine/build/tests
"TestGSMLibrary" start time: Dec 19 20:30 CET
Output:
----------------------------------------------------------
enter state 1
executing state 1
	s1		s2		s3		s4		
s1	false		x == 2		x == 3		x >= 4		
s2	x == 1		false		x == 3		x >= 4		
s3	x == 1		x == 2		false		x >= 4		
s4	x == 1		x == 2		x == 3		x >= 4		

	s1		s2		s3		s4		
s1	0		0		0		0		
s2	1		0		0		0		
s3	1		0		0		0		
s4	1		0		0		0		

executing state 1
	s1		s2		s3		s4		
s1	0		0		0		0		
s2	1		0		0		0		
s3	1		0		0		0		
s4	1		0		0		0		

enter state 1
executing state 1
	s1		s2		s3		s4		
s1	false		x == 2		x == 3		x >= 4		
s2	x == 1		false		x == 3		x >= 4		
s3	x == 1		x == 2		false		x >= 4		
s4	x == 1		x == 2		x == 3		x >= 4		

	s1		s2		s3		s4		
s1	0		0		0		0		
s2	1		0		0		0		
s3	1		0		0		0		
s4	1		0		0		0		

executing state 1
	s1		s2		s3		s4		
s1	0		1		0		0		
s2	0		0		0		0		
s3	0		1		0		0		
s4	0		1		0		0		

exit state 1
enter state 2
executing state 2
enter state 1
executing state 1
exit state 1
enter state 2
executing state 2
executing state 2
executing state 2
executing state 2
executing state 2
executing state 2
executing state 2
executing state 2
executing state 2
executing state 2
executing state 2
executing state 2
executing state 2
executing state 2
executing state 2
executing state 2
executing state 2
executing state 2
executing state 2
executing state 2

PASSED: 3/3
<end of output>
Test time =   6.01 sec
----------------------------------------------------------
Test Passed.
"TestGSMLibrary" end time: Dec 19 20:30 CET
"TestGSMLibrary" time elapsed: 00:00:06
----------------------------------------------------------

End testing: Dec 19 20:30 CET
